{"name": "test_web_tables", "status": "broken", "statusDetails": {"message": "selenium.common.exceptions.WebDriverException: Message: <html>\r\n<head><title>504 Gateway Time-out</title></head>\r\n<body bgcolor=\"white\">\r\n<center><h1>504 Gateway Time-out</h1></center>\r\n<hr><center>nginx/1.14.2</center>\r\n</body>\r\n</html>", "trace": "request = <SubRequest 'app_web_tables_page' for <Function test_web_tables>>, setup_browser = <function setup_browser at 0x7f7f39bea280>\n\n    @pytest.fixture\n    def app_web_tables_page(request, setup_browser):\n        base_url = request.config.getoption(\"--web-tables-url\")\n>       browser.open_url(base_url).driver.set_window_size(width=1980, height=1280)\n\ntests/conftest.py:71: \n_ _ _ _ _ _ _ _ _ _ _ _ _ _ _ _ _ _ _ _ _ _ _ _ _ _ _ _ _ _ _ _ _ _ _ _ _ _ _ _ _ _ _ _ _ _ _ _ _ _ _ _ _ _ _ _ _ _ _ _ _ _ _ _ _ _ _ _ _ _ _ _ _ _ _ _ _ _ _ _ _ _ _ _ _ _ _ _ _ _ _ _ _ _ _ _ _ _ _ _ _ _ _ _ _ _ _ _ _ _ _ _ _ _ _ _ \n../../.virtualenvs/demoaq_test/lib/python3.8/site-packages/selene/support/shared/browser.py:204: in open_url\n    return self.open(absolute_or_relative_url)\n../../.virtualenvs/demoaq_test/lib/python3.8/site-packages/selene/support/shared/browser.py:78: in open\n    self.config.get_or_create_driver().get(url)\n../../.virtualenvs/demoaq_test/lib/python3.8/site-packages/selenium/webdriver/remote/webdriver.py:442: in get\n    self.execute(Command.GET, {'url': url})\n../../.virtualenvs/demoaq_test/lib/python3.8/site-packages/selenium/webdriver/remote/webdriver.py:430: in execute\n    self.error_handler.check_response(response)\n_ _ _ _ _ _ _ _ _ _ _ _ _ _ _ _ _ _ _ _ _ _ _ _ _ _ _ _ _ _ _ _ _ _ _ _ _ _ _ _ _ _ _ _ _ _ _ _ _ _ _ _ _ _ _ _ _ _ _ _ _ _ _ _ _ _ _ _ _ _ _ _ _ _ _ _ _ _ _ _ _ _ _ _ _ _ _ _ _ _ _ _ _ _ _ _ _ _ _ _ _ _ _ _ _ _ _ _ _ _ _ _ _ _ _ _ \n\nself = <selenium.webdriver.remote.errorhandler.ErrorHandler object at 0x7f7f3992fca0>\nresponse = {'status': [13, 'unknown error'], 'value': '<html>\\r\\n<head><title>504 Gateway Time-out</title></head>\\r\\n<body bgcolor=\"white\">\\r\\n<center><h1>504 Gateway Time-out</h1></center>\\r\\n<hr><center>nginx/1.14.2</center>\\r\\n</body>\\r\\n</html>'}\n\n    def check_response(self, response: Dict[str, Any]) -> None:\n        \"\"\"\n        Checks that a JSON response from the WebDriver does not have an error.\n    \n        :Args:\n         - response - The JSON response from the WebDriver server as a dictionary\n           object.\n    \n        :Raises: If the response contains an error message.\n        \"\"\"\n        status = response.get('status', None)\n        if not status or status == ErrorCode.SUCCESS:\n            return\n        value = None\n        message = response.get(\"message\", \"\")\n        screen: str = response.get(\"screen\", \"\")\n        stacktrace = None\n        if isinstance(status, int):\n            value_json = response.get('value', None)\n            if value_json and isinstance(value_json, str):\n                import json\n                try:\n                    value = json.loads(value_json)\n                    if len(value.keys()) == 1:\n                        value = value['value']\n                    status = value.get('error', None)\n                    if not status:\n                        status = value.get(\"status\", ErrorCode.UNKNOWN_ERROR)\n                        message = value.get(\"value\") or value.get(\"message\")\n                        if not isinstance(message, str):\n                            value = message\n                            message = message.get('message')\n                    else:\n                        message = value.get('message', None)\n                except ValueError:\n                    pass\n    \n        exception_class: Type[WebDriverException]\n        if status in ErrorCode.NO_SUCH_ELEMENT:\n            exception_class = NoSuchElementException\n        elif status in ErrorCode.NO_SUCH_FRAME:\n            exception_class = NoSuchFrameException\n        elif status in ErrorCode.NO_SUCH_SHADOW_ROOT:\n            exception_class = NoSuchShadowRootException\n        elif status in ErrorCode.NO_SUCH_WINDOW:\n            exception_class = NoSuchWindowException\n        elif status in ErrorCode.STALE_ELEMENT_REFERENCE:\n            exception_class = StaleElementReferenceException\n        elif status in ErrorCode.ELEMENT_NOT_VISIBLE:\n            exception_class = ElementNotVisibleException\n        elif status in ErrorCode.INVALID_ELEMENT_STATE:\n            exception_class = InvalidElementStateException\n        elif status in ErrorCode.INVALID_SELECTOR \\\n                or status in ErrorCode.INVALID_XPATH_SELECTOR \\\n                or status in ErrorCode.INVALID_XPATH_SELECTOR_RETURN_TYPER:\n            exception_class = InvalidSelectorException\n        elif status in ErrorCode.ELEMENT_IS_NOT_SELECTABLE:\n            exception_class = ElementNotSelectableException\n        elif status in ErrorCode.ELEMENT_NOT_INTERACTABLE:\n            exception_class = ElementNotInteractableException\n        elif status in ErrorCode.INVALID_COOKIE_DOMAIN:\n            exception_class = InvalidCookieDomainException\n        elif status in ErrorCode.UNABLE_TO_SET_COOKIE:\n            exception_class = UnableToSetCookieException\n        elif status in ErrorCode.TIMEOUT:\n            exception_class = TimeoutException\n        elif status in ErrorCode.SCRIPT_TIMEOUT:\n            exception_class = TimeoutException\n        elif status in ErrorCode.UNKNOWN_ERROR:\n            exception_class = WebDriverException\n        elif status in ErrorCode.UNEXPECTED_ALERT_OPEN:\n            exception_class = UnexpectedAlertPresentException\n        elif status in ErrorCode.NO_ALERT_OPEN:\n            exception_class = NoAlertPresentException\n        elif status in ErrorCode.IME_NOT_AVAILABLE:\n            exception_class = ImeNotAvailableException\n        elif status in ErrorCode.IME_ENGINE_ACTIVATION_FAILED:\n            exception_class = ImeActivationFailedException\n        elif status in ErrorCode.MOVE_TARGET_OUT_OF_BOUNDS:\n            exception_class = MoveTargetOutOfBoundsException\n        elif status in ErrorCode.JAVASCRIPT_ERROR:\n            exception_class = JavascriptException\n        elif status in ErrorCode.SESSION_NOT_CREATED:\n            exception_class = SessionNotCreatedException\n        elif status in ErrorCode.INVALID_ARGUMENT:\n            exception_class = InvalidArgumentException\n        elif status in ErrorCode.NO_SUCH_COOKIE:\n            exception_class = NoSuchCookieException\n        elif status in ErrorCode.UNABLE_TO_CAPTURE_SCREEN:\n            exception_class = ScreenshotException\n        elif status in ErrorCode.ELEMENT_CLICK_INTERCEPTED:\n            exception_class = ElementClickInterceptedException\n        elif status in ErrorCode.INSECURE_CERTIFICATE:\n            exception_class = InsecureCertificateException\n        elif status in ErrorCode.INVALID_COORDINATES:\n            exception_class = InvalidCoordinatesException\n        elif status in ErrorCode.INVALID_SESSION_ID:\n            exception_class = InvalidSessionIdException\n        elif status in ErrorCode.UNKNOWN_METHOD:\n            exception_class = UnknownMethodException\n        else:\n            exception_class = WebDriverException\n        if not value:\n            value = response['value']\n        if isinstance(value, str):\n>           raise exception_class(value)\nE           selenium.common.exceptions.WebDriverException: Message: <html>\r\nE           <head><title>504 Gateway Time-out</title></head>\r\nE           <body bgcolor=\"white\">\r\nE           <center><h1>504 Gateway Time-out</h1></center>\r\nE           <hr><center>nginx/1.14.2</center>\r\nE           </body>\r\nE           </html>\n\n../../.virtualenvs/demoaq_test/lib/python3.8/site-packages/selenium/webdriver/remote/errorhandler.py:211: WebDriverException"}, "start": 1659391575298, "stop": 1659391575298, "uuid": "403b5b52-a045-4973-b6a0-3a10a8ec7c54", "historyId": "4b5bc84b8fc6739b9a424b1c4bed0a2d", "testCaseId": "6bf952a4a4b06d0d7bf0d604346b7cef", "fullName": "tests.test_web_tables_page.TestWebTablesPage#test_web_tables", "labels": [{"name": "tag", "value": "WEB UI"}, {"name": "story", "value": "Тест кейс 0002 Форма регистрации студента"}, {"name": "feature", "value": "Testing site qa guru with selene"}, {"name": "Owner", "value": "Vadim"}, {"name": "severity", "value": "critical"}, {"name": "parentSuite", "value": "tests"}, {"name": "suite", "value": "test_web_tables_page"}, {"name": "subSuite", "value": "TestWebTablesPage"}, {"name": "host", "value": "user-HP-ProBook-430-G7"}, {"name": "thread", "value": "87931-MainThread"}, {"name": "framework", "value": "pytest"}, {"name": "language", "value": "cpython3"}, {"name": "package", "value": "tests.test_web_tables_page"}], "links": [{"type": "link", "url": "https://github.com/yavv951", "name": "Owner"}]}